[2018-04-10 15:05:16] production.ERROR: include(/home/zemafaz/Desktop/LBAW/Project/src/vendor/composer/../../database/seeds/DatabaseSeeder.php): failed to open stream: No such file or directory {"exception":"[object] (ErrorException(code: 0): include(/home/zemafaz/Desktop/LBAW/Project/src/vendor/composer/../../database/seeds/DatabaseSeeder.php): failed to open stream: No such file or directory at /home/zemafaz/Desktop/LBAW/Project/src/vendor/composer/ClassLoader.php:444)
[stacktrace]
#0 /home/zemafaz/Desktop/LBAW/Project/src/vendor/composer/ClassLoader.php(444): Illuminate\\Foundation\\Bootstrap\\HandleExceptions->handleError(2, 'include(/home/z...', '/home/zemafaz/D...', 444, Array)
#1 /home/zemafaz/Desktop/LBAW/Project/src/vendor/composer/ClassLoader.php(444): include()
#2 /home/zemafaz/Desktop/LBAW/Project/src/vendor/composer/ClassLoader.php(322): Composer\\Autoload\\includeFile('/home/zemafaz/D...')
#3 [internal function]: Composer\\Autoload\\ClassLoader->loadClass('DatabaseSeeder')
#4 [internal function]: spl_autoload_call('DatabaseSeeder')
#5 /home/zemafaz/Desktop/LBAW/Project/src/vendor/laravel/framework/src/Illuminate/Container/Container.php(752): ReflectionClass->__construct('DatabaseSeeder')
#6 /home/zemafaz/Desktop/LBAW/Project/src/vendor/laravel/framework/src/Illuminate/Container/Container.php(631): Illuminate\\Container\\Container->build('DatabaseSeeder')
#7 /home/zemafaz/Desktop/LBAW/Project/src/vendor/laravel/framework/src/Illuminate/Container/Container.php(586): Illuminate\\Container\\Container->resolve('DatabaseSeeder', Array)
#8 /home/zemafaz/Desktop/LBAW/Project/src/vendor/laravel/framework/src/Illuminate/Foundation/Application.php(732): Illuminate\\Container\\Container->make('DatabaseSeeder', Array)
#9 /home/zemafaz/Desktop/LBAW/Project/src/vendor/laravel/framework/src/Illuminate/Database/Console/Seeds/SeedCommand.php(74): Illuminate\\Foundation\\Application->make('DatabaseSeeder')
#10 /home/zemafaz/Desktop/LBAW/Project/src/vendor/laravel/framework/src/Illuminate/Database/Console/Seeds/SeedCommand.php(63): Illuminate\\Database\\Console\\Seeds\\SeedCommand->getSeeder()
#11 /home/zemafaz/Desktop/LBAW/Project/src/vendor/laravel/framework/src/Illuminate/Database/Eloquent/Concerns/GuardsAttributes.php(122): Illuminate\\Database\\Console\\Seeds\\SeedCommand->Illuminate\\Database\\Console\\Seeds\\{closure}()
#12 /home/zemafaz/Desktop/LBAW/Project/src/vendor/laravel/framework/src/Illuminate/Database/Console/Seeds/SeedCommand.php(64): Illuminate\\Database\\Eloquent\\Model::unguarded(Object(Closure))
#13 [internal function]: Illuminate\\Database\\Console\\Seeds\\SeedCommand->handle()
#14 /home/zemafaz/Desktop/LBAW/Project/src/vendor/laravel/framework/src/Illuminate/Container/BoundMethod.php(29): call_user_func_array(Array, Array)
#15 /home/zemafaz/Desktop/LBAW/Project/src/vendor/laravel/framework/src/Illuminate/Container/BoundMethod.php(87): Illuminate\\Container\\BoundMethod::Illuminate\\Container\\{closure}()
#16 /home/zemafaz/Desktop/LBAW/Project/src/vendor/laravel/framework/src/Illuminate/Container/BoundMethod.php(31): Illuminate\\Container\\BoundMethod::callBoundMethod(Object(Illuminate\\Foundation\\Application), Array, Object(Closure))
#17 /home/zemafaz/Desktop/LBAW/Project/src/vendor/laravel/framework/src/Illuminate/Container/Container.php(549): Illuminate\\Container\\BoundMethod::call(Object(Illuminate\\Foundation\\Application), Array, Array, NULL)
#18 /home/zemafaz/Desktop/LBAW/Project/src/vendor/laravel/framework/src/Illuminate/Console/Command.php(183): Illuminate\\Container\\Container->call(Array)
#19 /home/zemafaz/Desktop/LBAW/Project/src/vendor/symfony/console/Command/Command.php(252): Illuminate\\Console\\Command->execute(Object(Symfony\\Component\\Console\\Input\\ArgvInput), Object(Illuminate\\Console\\OutputStyle))
#20 /home/zemafaz/Desktop/LBAW/Project/src/vendor/laravel/framework/src/Illuminate/Console/Command.php(170): Symfony\\Component\\Console\\Command\\Command->run(Object(Symfony\\Component\\Console\\Input\\ArgvInput), Object(Illuminate\\Console\\OutputStyle))
#21 /home/zemafaz/Desktop/LBAW/Project/src/vendor/symfony/console/Application.php(946): Illuminate\\Console\\Command->run(Object(Symfony\\Component\\Console\\Input\\ArgvInput), Object(Symfony\\Component\\Console\\Output\\ConsoleOutput))
#22 /home/zemafaz/Desktop/LBAW/Project/src/vendor/symfony/console/Application.php(248): Symfony\\Component\\Console\\Application->doRunCommand(Object(Illuminate\\Database\\Console\\Seeds\\SeedCommand), Object(Symfony\\Component\\Console\\Input\\ArgvInput), Object(Symfony\\Component\\Console\\Output\\ConsoleOutput))
#23 /home/zemafaz/Desktop/LBAW/Project/src/vendor/symfony/console/Application.php(148): Symfony\\Component\\Console\\Application->doRun(Object(Symfony\\Component\\Console\\Input\\ArgvInput), Object(Symfony\\Component\\Console\\Output\\ConsoleOutput))
#24 /home/zemafaz/Desktop/LBAW/Project/src/vendor/laravel/framework/src/Illuminate/Console/Application.php(88): Symfony\\Component\\Console\\Application->run(Object(Symfony\\Component\\Console\\Input\\ArgvInput), Object(Symfony\\Component\\Console\\Output\\ConsoleOutput))
#25 /home/zemafaz/Desktop/LBAW/Project/src/vendor/laravel/framework/src/Illuminate/Foundation/Console/Kernel.php(121): Illuminate\\Console\\Application->run(Object(Symfony\\Component\\Console\\Input\\ArgvInput), Object(Symfony\\Component\\Console\\Output\\ConsoleOutput))
#26 /home/zemafaz/Desktop/LBAW/Project/src/artisan(37): Illuminate\\Foundation\\Console\\Kernel->handle(Object(Symfony\\Component\\Console\\Input\\ArgvInput), Object(Symfony\\Component\\Console\\Output\\ConsoleOutput))
#27 {main}
"} 
